# JRE version: Java(TM) SE Runtime Environment (7.0_51-b13) (build 1.7.0_51-b13)
# Java VM: Java HotSpot(TM) Client VM (24.51-b03 mixed mode windows-x86 )
Heap
 def new generation   total 4928K, used 3541K [0x03ba0000, 0x040f0000, 0x090f0000)
  eden space 4416K,  68% used [0x03ba0000, 0x03e954a0, 0x03ff0000)
  from space 512K, 100% used [0x03ff0000, 0x04070000, 0x04070000)
  to   space 512K,   0% used [0x04070000, 0x04070000, 0x040f0000)
 tenured generation   total 10944K, used 1556K [0x090f0000, 0x09ba0000, 0x13ba0000)
   the space 10944K,  14% used [0x090f0000, 0x092753d0, 0x09275400, 0x09ba0000)
 compacting perm gen  total 12288K, used 4094K [0x13ba0000, 0x147a0000, 0x17ba0000)
   the space 12288K,  33% used [0x13ba0000, 0x13f9fa98, 0x13f9fc00, 0x147a0000)
GC Heap History (4 events):
Event: 0.963 GC heap before
{Heap before GC invocations=0 (full 0):
 def new generation   total 4928K, used 4416K [0x03ba0000, 0x040f0000, 0x090f0000)
  eden space 4416K, 100% used [0x03ba0000, 0x03ff0000, 0x03ff0000)
  from space 512K,   0% used [0x03ff0000, 0x03ff0000, 0x04070000)
  to   space 512K,   0% used [0x04070000, 0x04070000, 0x040f0000)
 tenured generation   total 10944K, used 0K [0x090f0000, 0x09ba0000, 0x13ba0000)
   the space 10944K,   0% used [0x090f0000, 0x090f0000, 0x090f0200, 0x09ba0000)
 compacting perm gen  total 12288K, used 2627K [0x13ba0000, 0x147a0000, 0x17ba0000)
   the space 12288K,  21% used [0x13ba0000, 0x13e30f30, 0x13e31000, 0x147a0000)
No shared spaces configured.
Event: 0.967 GC heap after
Heap after GC invocations=1 (full 0):
 def new generation   total 4928K, used 512K [0x03ba0000, 0x040f0000, 0x090f0000)
  eden space 4416K,   0% used [0x03ba0000, 0x03ba0000, 0x03ff0000)
  from space 512K, 100% used [0x04070000, 0x040f0000, 0x040f0000)
  to   space 512K,   0% used [0x03ff0000, 0x03ff0000, 0x04070000)
 tenured generation   total 10944K, used 575K [0x090f0000, 0x09ba0000, 0x13ba0000)
   the space 10944K,   5% used [0x090f0000, 0x0917fc40, 0x0917fe00, 0x09ba0000)
 compacting perm gen  total 12288K, used 2627K [0x13ba0000, 0x147a0000, 0x17ba0000)
   the space 12288K,  21% used [0x13ba0000, 0x13e30f30, 0x13e31000, 0x147a0000)
No shared spaces configured.
}
Event: 1.193 GC heap before
{Heap before GC invocations=1 (full 0):
 def new generation   total 4928K, used 4928K [0x03ba0000, 0x040f0000, 0x090f0000)
  eden space 4416K, 100% used [0x03ba0000, 0x03ff0000, 0x03ff0000)
  from space 512K, 100% used [0x04070000, 0x040f0000, 0x040f0000)
  to   space 512K,   0% used [0x03ff0000, 0x03ff0000, 0x04070000)
 tenured generation   total 10944K, used 575K [0x090f0000, 0x09ba0000, 0x13ba0000)
   the space 10944K,   5% used [0x090f0000, 0x0917fc40, 0x0917fe00, 0x09ba0000)
 compacting perm gen  total 12288K, used 3856K [0x13ba0000, 0x147a0000, 0x17ba0000)
   the space 12288K,  31% used [0x13ba0000, 0x13f641e8, 0x13f64200, 0x147a0000)
No shared spaces configured.
Event: 1.197 GC heap after
Heap after GC invocations=2 (full 0):
 def new generation   total 4928K, used 512K [0x03ba0000, 0x040f0000, 0x090f0000)
  eden space 4416K,   0% used [0x03ba0000, 0x03ba0000, 0x03ff0000)
  from space 512K, 100% used [0x03ff0000, 0x04070000, 0x04070000)
  to   space 512K,   0% used [0x04070000, 0x04070000, 0x040f0000)
 tenured generation   total 10944K, used 1556K [0x090f0000, 0x09ba0000, 0x13ba0000)
   the space 10944K,  14% used [0x090f0000, 0x092753d0, 0x09275400, 0x09ba0000)
 compacting perm gen  total 12288K, used 3856K [0x13ba0000, 0x147a0000, 0x17ba0000)
   the space 12288K,  31% used [0x13ba0000, 0x13f641e8, 0x13f64200, 0x147a0000)
No shared spaces configured.
}

