# JRE version: Java(TM) SE Runtime Environment (7.0_51-b13) (build 1.7.0_51-b13)
# Java VM: Java HotSpot(TM) Client VM (24.51-b03 mixed mode windows-x86 )
Heap
 def new generation   total 4928K, used 1098K [0x03b20000, 0x04070000, 0x09070000)
  eden space 4416K,  13% used [0x03b20000, 0x03bb2998, 0x03f70000)
  from space 512K, 100% used [0x03f70000, 0x03ff0000, 0x03ff0000)
  to   space 512K,   0% used [0x03ff0000, 0x03ff0000, 0x04070000)
 tenured generation   total 10944K, used 3621K [0x09070000, 0x09b20000, 0x13b20000)
   the space 10944K,  33% used [0x09070000, 0x093f9500, 0x093f9600, 0x09b20000)
 compacting perm gen  total 12288K, used 4138K [0x13b20000, 0x14720000, 0x17b20000)
   the space 12288K,  33% used [0x13b20000, 0x13f2ab40, 0x13f2ac00, 0x14720000)
GC Heap History (8 events):
Event: 3.296 GC heap before
{Heap before GC invocations=0 (full 0):
 def new generation   total 4928K, used 4416K [0x03b20000, 0x04070000, 0x09070000)
  eden space 4416K, 100% used [0x03b20000, 0x03f70000, 0x03f70000)
  from space 512K,   0% used [0x03f70000, 0x03f70000, 0x03ff0000)
  to   space 512K,   0% used [0x03ff0000, 0x03ff0000, 0x04070000)
 tenured generation   total 10944K, used 0K [0x09070000, 0x09b20000, 0x13b20000)
   the space 10944K,   0% used [0x09070000, 0x09070000, 0x09070200, 0x09b20000)
 compacting perm gen  total 12288K, used 2643K [0x13b20000, 0x14720000, 0x17b20000)
   the space 12288K,  21% used [0x13b20000, 0x13db4ed0, 0x13db5000, 0x14720000)
No shared spaces configured.
Event: 3.300 GC heap after
Heap after GC invocations=1 (full 0):
 def new generation   total 4928K, used 512K [0x03b20000, 0x04070000, 0x09070000)
  eden space 4416K,   0% used [0x03b20000, 0x03b20000, 0x03f70000)
  from space 512K, 100% used [0x03ff0000, 0x04070000, 0x04070000)
  to   space 512K,   0% used [0x03f70000, 0x03f70000, 0x03ff0000)
 tenured generation   total 10944K, used 568K [0x09070000, 0x09b20000, 0x13b20000)
   the space 10944K,   5% used [0x09070000, 0x090fe310, 0x090fe400, 0x09b20000)
 compacting perm gen  total 12288K, used 2643K [0x13b20000, 0x14720000, 0x17b20000)
   the space 12288K,  21% used [0x13b20000, 0x13db4ed0, 0x13db5000, 0x14720000)
No shared spaces configured.
}
Event: 4.058 GC heap before
{Heap before GC invocations=1 (full 0):
 def new generation   total 4928K, used 4928K [0x03b20000, 0x04070000, 0x09070000)
  eden space 4416K, 100% used [0x03b20000, 0x03f70000, 0x03f70000)
  from space 512K, 100% used [0x03ff0000, 0x04070000, 0x04070000)
  to   space 512K,   0% used [0x03f70000, 0x03f70000, 0x03ff0000)
 tenured generation   total 10944K, used 568K [0x09070000, 0x09b20000, 0x13b20000)
   the space 10944K,   5% used [0x09070000, 0x090fe310, 0x090fe400, 0x09b20000)
 compacting perm gen  total 12288K, used 3741K [0x13b20000, 0x14720000, 0x17b20000)
   the space 12288K,  30% used [0x13b20000, 0x13ec76c0, 0x13ec7800, 0x14720000)
No shared spaces configured.
Event: 4.062 GC heap after
Heap after GC invocations=2 (full 0):
 def new generation   total 4928K, used 512K [0x03b20000, 0x04070000, 0x09070000)
  eden space 4416K,   0% used [0x03b20000, 0x03b20000, 0x03f70000)
  from space 512K, 100% used [0x03f70000, 0x03ff0000, 0x03ff0000)
  to   space 512K,   0% used [0x03ff0000, 0x03ff0000, 0x04070000)
 tenured generation   total 10944K, used 1491K [0x09070000, 0x09b20000, 0x13b20000)
   the space 10944K,  13% used [0x09070000, 0x091e4ca0, 0x091e4e00, 0x09b20000)
 compacting perm gen  total 12288K, used 3741K [0x13b20000, 0x14720000, 0x17b20000)
   the space 12288K,  30% used [0x13b20000, 0x13ec76c0, 0x13ec7800, 0x14720000)
No shared spaces configured.
}
Event: 4.260 GC heap before
{Heap before GC invocations=2 (full 0):
 def new generation   total 4928K, used 4928K [0x03b20000, 0x04070000, 0x09070000)
  eden space 4416K, 100% used [0x03b20000, 0x03f70000, 0x03f70000)
  from space 512K, 100% used [0x03f70000, 0x03ff0000, 0x03ff0000)
  to   space 512K,   0% used [0x03ff0000, 0x03ff0000, 0x04070000)
 tenured generation   total 10944K, used 1491K [0x09070000, 0x09b20000, 0x13b20000)
   the space 10944K,  13% used [0x09070000, 0x091e4ca0, 0x091e4e00, 0x09b20000)
 compacting perm gen  total 12288K, used 4063K [0x13b20000, 0x14720000, 0x17b20000)
   the space 12288K,  33% used [0x13b20000, 0x13f17fa8, 0x13f18000, 0x14720000)
No shared spaces configured.
Event: 4.268 GC heap after
Heap after GC invocations=3 (full 0):
 def new generation   total 4928K, used 512K [0x03b20000, 0x04070000, 0x09070000)
  eden space 4416K,   0% used [0x03b20000, 0x03b20000, 0x03f70000)
  from space 512K, 100% used [0x03ff0000, 0x04070000, 0x04070000)
  to   space 512K,   0% used [0x03f70000, 0x03f70000, 0x03ff0000)
 tenured generation   total 10944K, used 2889K [0x09070000, 0x09b20000, 0x13b20000)
   the space 10944K,  26% used [0x09070000, 0x09342668, 0x09342800, 0x09b20000)
 compacting perm gen  total 12288K, used 4063K [0x13b20000, 0x14720000, 0x17b20000)
   the space 12288K,  33% used [0x13b20000, 0x13f17fa8, 0x13f18000, 0x14720000)
No shared spaces configured.
}
Event: 4.525 GC heap before
{Heap before GC invocations=3 (full 0):
 def new generation   total 4928K, used 4928K [0x03b20000, 0x04070000, 0x09070000)
  eden space 4416K, 100% used [0x03b20000, 0x03f70000, 0x03f70000)
  from space 512K, 100% used [0x03ff0000, 0x04070000, 0x04070000)
  to   space 512K,   0% used [0x03f70000, 0x03f70000, 0x03ff0000)
 tenured generation   total 10944K, used 2889K [0x09070000, 0x09b20000, 0x13b20000)
   the space 10944K,  26% used [0x09070000, 0x09342668, 0x09342800, 0x09b20000)
 compacting perm gen  total 12288K, used 4127K [0x13b20000, 0x14720000, 0x17b20000)
   the space 12288K,  33% used [0x13b20000, 0x13f27e18, 0x13f28000, 0x14720000)
No shared spaces configured.
Event: 4.529 GC heap after
Heap after GC invocations=4 (full 0):
 def new generation   total 4928K, used 512K [0x03b20000, 0x04070000, 0x09070000)
  eden space 4416K,   0% used [0x03b20000, 0x03b20000, 0x03f70000)
  from space 512K, 100% used [0x03f70000, 0x03ff0000, 0x03ff0000)
  to   space 512K,   0% used [0x03ff0000, 0x03ff0000, 0x04070000)
 tenured generation   total 10944K, used 3621K [0x09070000, 0x09b20000, 0x13b20000)
   the space 10944K,  33% used [0x09070000, 0x093f9500, 0x093f9600, 0x09b20000)
 compacting perm gen  total 12288K, used 4127K [0x13b20000, 0x14720000, 0x17b20000)
   the space 12288K,  33% used [0x13b20000, 0x13f27e18, 0x13f28000, 0x14720000)
No shared spaces configured.
}

